0 info it worked if it ends with ok
1 verbose cli [ '/usr/local/bin/iojs', '/usr/local/bin/npm', 'publish' ]
2 info using npm@3.8.6
3 info using node@v6.0.0
4 verbose publish [ '.' ]
5 silly cache add args [ '.', null ]
6 verbose cache add spec .
7 silly cache add parsed spec Result {
7 silly cache add   raw: '.',
7 silly cache add   scope: null,
7 silly cache add   name: null,
7 silly cache add   rawSpec: '.',
7 silly cache add   spec: '/Users/mzr/miaozhirui/node-study/npm-study',
7 silly cache add   type: 'directory' }
8 verbose addLocalDirectory /Users/mzr/.npm/miaozhirui123/1.0.0/package.tgz not in flight; packing
9 verbose correctMkdir /Users/mzr/.npm correctMkdir not in flight; initializing
10 info lifecycle miaozhirui123@1.0.0~prepublish: miaozhirui123@1.0.0
11 silly lifecycle miaozhirui123@1.0.0~prepublish: no script for prepublish, continuing
12 verbose tar pack [ '/Users/mzr/.npm/miaozhirui123/1.0.0/package.tgz',
12 verbose tar pack   '/Users/mzr/miaozhirui/node-study/npm-study' ]
13 verbose tarball /Users/mzr/.npm/miaozhirui123/1.0.0/package.tgz
14 verbose folder /Users/mzr/miaozhirui/node-study/npm-study
15 verbose addLocalTarball adding from inside cache /Users/mzr/.npm/miaozhirui123/1.0.0/package.tgz
16 verbose correctMkdir /Users/mzr/.npm correctMkdir not in flight; initializing
17 silly cache afterAdd miaozhirui123@1.0.0
18 verbose afterAdd /Users/mzr/.npm/miaozhirui123/1.0.0/package/package.json not in flight; writing
19 verbose correctMkdir /Users/mzr/.npm correctMkdir not in flight; initializing
20 verbose afterAdd /Users/mzr/.npm/miaozhirui123/1.0.0/package/package.json written
21 silly publish { name: 'miaozhirui123',
21 silly publish   version: '1.0.0',
21 silly publish   description: '',
21 silly publish   main: 'index.js',
21 silly publish   scripts: { test: 'echo "Error: no test specified" && exit 1' },
21 silly publish   repository:
21 silly publish    { type: 'git',
21 silly publish      url: 'https://github.com/miaozhirui/npm-init.git' },
21 silly publish   keywords: [ 'npm-start' ],
21 silly publish   author: '',
21 silly publish   license: 'ISC',
21 silly publish   bugs: { url: 'https://github.com/miaozhirui/npm-init/issues' },
21 silly publish   gitHead: '56a2ce4fea462fe2e92edcdb81644c83fec8f238',
21 silly publish   readme: 'ERROR: No README data found!',
21 silly publish   _id: 'miaozhirui123@1.0.0',
21 silly publish   _shasum: '97c7adc02c6d62306884d1eff8e4d22b9ec6ecd1',
21 silly publish   _from: '.' }
22 verbose getPublishConfig undefined
23 silly mapToRegistry name miaozhirui123
24 silly mapToRegistry using default registry
25 silly mapToRegistry registry https://registry.npm.taobao.org/
26 silly mapToRegistry data Result {
26 silly mapToRegistry   raw: 'miaozhirui123',
26 silly mapToRegistry   scope: null,
26 silly mapToRegistry   name: 'miaozhirui123',
26 silly mapToRegistry   rawSpec: '',
26 silly mapToRegistry   spec: 'latest',
26 silly mapToRegistry   type: 'tag' }
27 silly mapToRegistry uri https://registry.npm.taobao.org/miaozhirui123
28 verbose publish registryBase https://registry.npm.taobao.org/
29 silly publish uploading /Users/mzr/.npm/miaozhirui123/1.0.0/package.tgz
30 verbose request uri https://registry.npm.taobao.org/miaozhirui123
31 verbose request sending authorization for write operation
32 info attempt registry request try #1 at 11:03:47
33 verbose request id ccbfb7a207ced975
34 http request PUT https://registry.npm.taobao.org/miaozhirui123
35 http 403 https://registry.npm.taobao.org/miaozhirui123
36 verbose headers { date: 'Sun, 08 May 2016 03:03:47 GMT',
36 verbose headers   'content-type': 'application/json; charset=utf-8',
36 verbose headers   'content-length': '87',
36 verbose headers   connection: 'keep-alive',
36 verbose headers   'x-readtime': '9' }
37 verbose request invalidating /Users/mzr/.npm/registry.npm.taobao.org/miaozhirui123 on PUT
38 error publish Failed PUT 403
39 verbose stack Error: no_perms Private mode enable, only admin can publish this module: miaozhirui123
39 verbose stack     at makeError (/usr/local/lib/node_modules/npm/node_modules/npm-registry-client/lib/request.js:264:12)
39 verbose stack     at CachingRegistryClient.<anonymous> (/usr/local/lib/node_modules/npm/node_modules/npm-registry-client/lib/request.js:252:14)
39 verbose stack     at Request._callback (/usr/local/lib/node_modules/npm/node_modules/npm-registry-client/lib/request.js:172:14)
39 verbose stack     at Request.self.callback (/usr/local/lib/node_modules/npm/node_modules/request/request.js:199:22)
39 verbose stack     at emitTwo (events.js:106:13)
39 verbose stack     at Request.emit (events.js:191:7)
39 verbose stack     at Request.<anonymous> (/usr/local/lib/node_modules/npm/node_modules/request/request.js:1036:10)
39 verbose stack     at emitOne (events.js:101:20)
39 verbose stack     at Request.emit (events.js:188:7)
39 verbose stack     at IncomingMessage.<anonymous> (/usr/local/lib/node_modules/npm/node_modules/request/request.js:963:12)
40 verbose statusCode 403
41 verbose pkgid miaozhirui123
42 verbose cwd /Users/mzr/miaozhirui/node-study/npm-study
43 error Darwin 14.5.0
44 error argv "/usr/local/bin/iojs" "/usr/local/bin/npm" "publish"
45 error node v6.0.0
46 error npm  v3.8.6
47 error code E403
48 error no_perms Private mode enable, only admin can publish this module: miaozhirui123
49 error If you need help, you may report this error at:
49 error     <https://github.com/npm/npm/issues>
50 verbose exit [ 1, true ]
